2016-04-13 22:58:36,687 [10] INFO   
 - 读取文件：新建文本文档1.txt
2016-04-13 22:58:36,727 [10] INFO   
 - 求解方程为：
X0+X1+X2+X3+X4=15
X0+2X1+X2+X3+X4=16
X0+X1+2X2+X3+X4=17
X0+X1+X2+2X3+X4=18
X0+X1+X2+X3+2X4=19

2016-04-13 22:58:36,762 [10] ERROR  
 - System.Exception: 错误：方程解出现NaN或者无穷大,请验证方程组的收敛性！
   在 迭代法求解线性方程组.MainForm.CalcSolution(CalcMethods method, List`1 d, Double[] solution) 位置 d:\library\documents\visual studio 2010\Projects\迭代法求解线性方程组\Calculate\Form1.cs:行号 101
   在 迭代法求解线性方程组.MainForm.Run() 位置 d:\library\documents\visual studio 2010\Projects\迭代法求解线性方程组\Calculate\Form1.cs:行号 173
2016-04-13 22:58:36,768 [10] INFO   
 - 读取文件：新建文本文档2.txt
2016-04-13 22:58:36,773 [10] INFO   
 - 求解方程为：
10X0-2X1-1X2=3
-2X0+10X1-1X2=15
-1X0-2X1+5X2=10

2016-04-13 22:58:36,791 [10] INFO   
 - 方程组的解：
X0=1
X1=2
X2=3

2016-04-13 22:58:36,801 [10] INFO   
 - 迭代次数：11
2016-04-13 22:58:36,811 [10] ERROR  
 - System.Exception: 文件错误：d:\library\documents\visual studio 2010\Projects\迭代法求解线性方程组\Calculate\bin\Release\input\新建文本文档3.txt文件为空！
   在 迭代法求解线性方程组.MainForm.readData(String filePath) 位置 d:\library\documents\visual studio 2010\Projects\迭代法求解线性方程组\Calculate\Form1.cs:行号 202
   在 迭代法求解线性方程组.MainForm.Run() 位置 d:\library\documents\visual studio 2010\Projects\迭代法求解线性方程组\Calculate\Form1.cs:行号 161
2016-04-13 22:58:36,820 [10] ERROR  
 - System.Exception: 文件错误：d:\library\documents\visual studio 2010\Projects\迭代法求解线性方程组\Calculate\bin\Release\input\新建文本文档4.txt文件为空！
   在 迭代法求解线性方程组.MainForm.readData(String filePath) 位置 d:\library\documents\visual studio 2010\Projects\迭代法求解线性方程组\Calculate\Form1.cs:行号 202
   在 迭代法求解线性方程组.MainForm.Run() 位置 d:\library\documents\visual studio 2010\Projects\迭代法求解线性方程组\Calculate\Form1.cs:行号 161
2016-04-13 22:58:36,828 [10] ERROR  
 - System.Exception: 文件错误：d:\library\documents\visual studio 2010\Projects\迭代法求解线性方程组\Calculate\bin\Release\input\新建文本文档5.txt文件为空！
   在 迭代法求解线性方程组.MainForm.readData(String filePath) 位置 d:\library\documents\visual studio 2010\Projects\迭代法求解线性方程组\Calculate\Form1.cs:行号 202
   在 迭代法求解线性方程组.MainForm.Run() 位置 d:\library\documents\visual studio 2010\Projects\迭代法求解线性方程组\Calculate\Form1.cs:行号 161
2016-04-13 22:58:36,837 [10] ERROR  
 - System.Exception: 文件错误：d:\library\documents\visual studio 2010\Projects\迭代法求解线性方程组\Calculate\bin\Release\input\新建文本文档6.txt文件为空！
   在 迭代法求解线性方程组.MainForm.readData(String filePath) 位置 d:\library\documents\visual studio 2010\Projects\迭代法求解线性方程组\Calculate\Form1.cs:行号 202
   在 迭代法求解线性方程组.MainForm.Run() 位置 d:\library\documents\visual studio 2010\Projects\迭代法求解线性方程组\Calculate\Form1.cs:行号 161
2016-04-13 22:58:36,846 [10] ERROR  
 - System.Exception: 文件错误：d:\library\documents\visual studio 2010\Projects\迭代法求解线性方程组\Calculate\bin\Release\input\新建文本文档7.txt文件为空！
   在 迭代法求解线性方程组.MainForm.readData(String filePath) 位置 d:\library\documents\visual studio 2010\Projects\迭代法求解线性方程组\Calculate\Form1.cs:行号 202
   在 迭代法求解线性方程组.MainForm.Run() 位置 d:\library\documents\visual studio 2010\Projects\迭代法求解线性方程组\Calculate\Form1.cs:行号 161
