2016-04-15 21:45:48,523 [3] INFO   
 - 读取文件：新建文本文档1.txt
2016-04-15 21:45:48,560 [3] INFO   
 - 求解方程为：
X0+X1+X2+X3+X4=15
X0+2X1+X2+X3+X4=16
X0+X1+2X2+X3+X4=17
X0+X1+X2+2X3+X4=18
X0+X1+X2+X3+2X4=19

2016-04-15 21:45:48,595 [3] ERROR  
 - System.Exception: 错误：方程解出现NaN或者无穷大,请验证方程组的收敛性！
   在 迭代法求解线性方程组.MainForm.CalcSolution(CalcMethods method, List`1 d, Double[] solution) 位置 d:\library\documents\visual studio 2010\Projects\迭代法求解线性方程组\Calculate\Form1.cs:行号 101
   在 迭代法求解线性方程组.MainForm.Run() 位置 d:\library\documents\visual studio 2010\Projects\迭代法求解线性方程组\Calculate\Form1.cs:行号 173
2016-04-15 21:45:48,603 [3] INFO   
 - 读取文件：新建文本文档2.txt
2016-04-15 21:45:48,608 [3] INFO   
 - 求解方程为：
10X0-2X1-1X2=3
-2X0+10X1-1X2=15
-1X0-2X1+5X2=10

2016-04-15 21:45:48,616 [3] INFO   
 - 方程组的解：
X0=1
X1=2
X2=3

2016-04-15 21:45:48,621 [3] INFO   
 - 迭代次数：11
2016-04-15 21:45:48,627 [3] ERROR  
 - System.Exception: 文件错误：D:\library\Documents\Visual Studio 2010\Projects\迭代法求解线性方程组\Calculate\bin\Release\input\新建文本文档3.txt文件为空！
   在 迭代法求解线性方程组.MainForm.readData(String filePath) 位置 d:\library\documents\visual studio 2010\Projects\迭代法求解线性方程组\Calculate\Form1.cs:行号 202
   在 迭代法求解线性方程组.MainForm.Run() 位置 d:\library\documents\visual studio 2010\Projects\迭代法求解线性方程组\Calculate\Form1.cs:行号 161
2016-04-15 21:45:48,633 [3] ERROR  
 - System.Exception: 文件错误：D:\library\Documents\Visual Studio 2010\Projects\迭代法求解线性方程组\Calculate\bin\Release\input\新建文本文档4.txt文件为空！
   在 迭代法求解线性方程组.MainForm.readData(String filePath) 位置 d:\library\documents\visual studio 2010\Projects\迭代法求解线性方程组\Calculate\Form1.cs:行号 202
   在 迭代法求解线性方程组.MainForm.Run() 位置 d:\library\documents\visual studio 2010\Projects\迭代法求解线性方程组\Calculate\Form1.cs:行号 161
2016-04-15 21:45:48,638 [3] ERROR  
 - System.Exception: 文件错误：D:\library\Documents\Visual Studio 2010\Projects\迭代法求解线性方程组\Calculate\bin\Release\input\新建文本文档5.txt文件为空！
   在 迭代法求解线性方程组.MainForm.readData(String filePath) 位置 d:\library\documents\visual studio 2010\Projects\迭代法求解线性方程组\Calculate\Form1.cs:行号 202
   在 迭代法求解线性方程组.MainForm.Run() 位置 d:\library\documents\visual studio 2010\Projects\迭代法求解线性方程组\Calculate\Form1.cs:行号 161
2016-04-15 21:45:48,644 [3] ERROR  
 - System.Exception: 文件错误：D:\library\Documents\Visual Studio 2010\Projects\迭代法求解线性方程组\Calculate\bin\Release\input\新建文本文档6.txt文件为空！
   在 迭代法求解线性方程组.MainForm.readData(String filePath) 位置 d:\library\documents\visual studio 2010\Projects\迭代法求解线性方程组\Calculate\Form1.cs:行号 202
   在 迭代法求解线性方程组.MainForm.Run() 位置 d:\library\documents\visual studio 2010\Projects\迭代法求解线性方程组\Calculate\Form1.cs:行号 161
2016-04-15 21:45:48,649 [3] INFO   
 - 读取文件：新建文本文档7.txt
2016-04-15 21:45:48,659 [3] INFO   
 - 求解方程为：
10X0-2X1-1X2=3
-2X0+10X1-1X2=15
-1X0-2X1+5X2=10

2016-04-15 21:45:48,674 [3] INFO   
 - 方程组的解：
X0=1
X1=2
X2=3

2016-04-15 21:45:48,687 [3] INFO   
 - 迭代次数：11
2016-04-15 21:45:56,690 [6] INFO   
 - 读取文件：新建文本文档1.txt
2016-04-15 21:45:56,696 [6] INFO   
 - 求解方程为：
X0+X1+X2+X3+X4=15
X0+2X1+X2+X3+X4=16
X0+X1+2X2+X3+X4=17
X0+X1+X2+2X3+X4=18
X0+X1+X2+X3+2X4=19

2016-04-15 21:45:56,705 [6] INFO   
 - 方程组的解：
X0=5.0002
X1=1
X2=2
X3=3
X4=3.9999

2016-04-15 21:45:56,710 [6] INFO   
 - 迭代次数：22
2016-04-15 21:45:56,715 [6] INFO   
 - 读取文件：新建文本文档2.txt
2016-04-15 21:45:56,720 [6] INFO   
 - 求解方程为：
10X0-2X1-1X2=3
-2X0+10X1-1X2=15
-1X0-2X1+5X2=10

2016-04-15 21:45:56,728 [6] INFO   
 - 方程组的解：
X0=1
X1=2
X2=3

2016-04-15 21:45:56,734 [6] INFO   
 - 迭代次数：7
2016-04-15 21:45:56,740 [6] ERROR  
 - System.Exception: 文件错误：D:\library\Documents\Visual Studio 2010\Projects\迭代法求解线性方程组\Calculate\bin\Release\input\新建文本文档3.txt文件为空！
   在 迭代法求解线性方程组.MainForm.readData(String filePath) 位置 d:\library\documents\visual studio 2010\Projects\迭代法求解线性方程组\Calculate\Form1.cs:行号 202
   在 迭代法求解线性方程组.MainForm.Run() 位置 d:\library\documents\visual studio 2010\Projects\迭代法求解线性方程组\Calculate\Form1.cs:行号 161
2016-04-15 21:45:56,746 [6] ERROR  
 - System.Exception: 文件错误：D:\library\Documents\Visual Studio 2010\Projects\迭代法求解线性方程组\Calculate\bin\Release\input\新建文本文档4.txt文件为空！
   在 迭代法求解线性方程组.MainForm.readData(String filePath) 位置 d:\library\documents\visual studio 2010\Projects\迭代法求解线性方程组\Calculate\Form1.cs:行号 202
   在 迭代法求解线性方程组.MainForm.Run() 位置 d:\library\documents\visual studio 2010\Projects\迭代法求解线性方程组\Calculate\Form1.cs:行号 161
2016-04-15 21:45:56,752 [6] ERROR  
 - System.Exception: 文件错误：D:\library\Documents\Visual Studio 2010\Projects\迭代法求解线性方程组\Calculate\bin\Release\input\新建文本文档5.txt文件为空！
   在 迭代法求解线性方程组.MainForm.readData(String filePath) 位置 d:\library\documents\visual studio 2010\Projects\迭代法求解线性方程组\Calculate\Form1.cs:行号 202
   在 迭代法求解线性方程组.MainForm.Run() 位置 d:\library\documents\visual studio 2010\Projects\迭代法求解线性方程组\Calculate\Form1.cs:行号 161
2016-04-15 21:45:56,758 [6] ERROR  
 - System.Exception: 文件错误：D:\library\Documents\Visual Studio 2010\Projects\迭代法求解线性方程组\Calculate\bin\Release\input\新建文本文档6.txt文件为空！
   在 迭代法求解线性方程组.MainForm.readData(String filePath) 位置 d:\library\documents\visual studio 2010\Projects\迭代法求解线性方程组\Calculate\Form1.cs:行号 202
   在 迭代法求解线性方程组.MainForm.Run() 位置 d:\library\documents\visual studio 2010\Projects\迭代法求解线性方程组\Calculate\Form1.cs:行号 161
2016-04-15 21:45:56,765 [6] INFO   
 - 读取文件：新建文本文档7.txt
2016-04-15 21:45:56,771 [6] INFO   
 - 求解方程为：
10X0-2X1-1X2=3
-2X0+10X1-1X2=15
-1X0-2X1+5X2=10

2016-04-15 21:45:56,778 [6] INFO   
 - 方程组的解：
X0=1
X1=2
X2=3

2016-04-15 21:45:56,784 [6] INFO   
 - 迭代次数：7
2016-04-15 21:46:09,090 [5] INFO   
 - 读取文件：新建文本文档1.txt
2016-04-15 21:46:09,095 [5] INFO   
 - 求解方程为：
X0+X1+X2+X3+X4=15
X0+2X1+X2+X3+X4=16
X0+X1+2X2+X3+X4=17
X0+X1+X2+2X3+X4=18
X0+X1+X2+X3+2X4=19

2016-04-15 21:46:09,118 [5] INFO   
 - 方程组的解：
X0=5.0037
X1=0.9994
X2=1.9993
X3=2.9992
X4=3.9991

2016-04-15 21:46:09,123 [5] INFO   
 - 迭代次数：63
2016-04-15 21:46:09,129 [5] INFO   
 - 读取文件：新建文本文档2.txt
2016-04-15 21:46:09,134 [5] INFO   
 - 求解方程为：
10X0-2X1-1X2=3
-2X0+10X1-1X2=15
-1X0-2X1+5X2=10

2016-04-15 21:46:09,141 [5] INFO   
 - 方程组的解：
X0=0.9999
X1=1.9999
X2=2.9998

2016-04-15 21:46:09,146 [5] INFO   
 - 迭代次数：22
2016-04-15 21:46:09,153 [5] ERROR  
 - System.Exception: 文件错误：D:\library\Documents\Visual Studio 2010\Projects\迭代法求解线性方程组\Calculate\bin\Release\input\新建文本文档3.txt文件为空！
   在 迭代法求解线性方程组.MainForm.readData(String filePath) 位置 d:\library\documents\visual studio 2010\Projects\迭代法求解线性方程组\Calculate\Form1.cs:行号 202
   在 迭代法求解线性方程组.MainForm.Run() 位置 d:\library\documents\visual studio 2010\Projects\迭代法求解线性方程组\Calculate\Form1.cs:行号 161
2016-04-15 21:46:09,159 [5] ERROR  
 - System.Exception: 文件错误：D:\library\Documents\Visual Studio 2010\Projects\迭代法求解线性方程组\Calculate\bin\Release\input\新建文本文档4.txt文件为空！
   在 迭代法求解线性方程组.MainForm.readData(String filePath) 位置 d:\library\documents\visual studio 2010\Projects\迭代法求解线性方程组\Calculate\Form1.cs:行号 202
   在 迭代法求解线性方程组.MainForm.Run() 位置 d:\library\documents\visual studio 2010\Projects\迭代法求解线性方程组\Calculate\Form1.cs:行号 161
2016-04-15 21:46:09,164 [5] ERROR  
 - System.Exception: 文件错误：D:\library\Documents\Visual Studio 2010\Projects\迭代法求解线性方程组\Calculate\bin\Release\input\新建文本文档5.txt文件为空！
   在 迭代法求解线性方程组.MainForm.readData(String filePath) 位置 d:\library\documents\visual studio 2010\Projects\迭代法求解线性方程组\Calculate\Form1.cs:行号 202
   在 迭代法求解线性方程组.MainForm.Run() 位置 d:\library\documents\visual studio 2010\Projects\迭代法求解线性方程组\Calculate\Form1.cs:行号 161
2016-04-15 21:46:09,170 [5] ERROR  
 - System.Exception: 文件错误：D:\library\Documents\Visual Studio 2010\Projects\迭代法求解线性方程组\Calculate\bin\Release\input\新建文本文档6.txt文件为空！
   在 迭代法求解线性方程组.MainForm.readData(String filePath) 位置 d:\library\documents\visual studio 2010\Projects\迭代法求解线性方程组\Calculate\Form1.cs:行号 202
   在 迭代法求解线性方程组.MainForm.Run() 位置 d:\library\documents\visual studio 2010\Projects\迭代法求解线性方程组\Calculate\Form1.cs:行号 161
2016-04-15 21:46:09,175 [5] INFO   
 - 读取文件：新建文本文档7.txt
2016-04-15 21:46:09,180 [5] INFO   
 - 求解方程为：
10X0-2X1-1X2=3
-2X0+10X1-1X2=15
-1X0-2X1+5X2=10

2016-04-15 21:46:09,185 [5] INFO   
 - 方程组的解：
X0=0.9999
X1=1.9999
X2=2.9998

2016-04-15 21:46:09,191 [5] INFO   
 - 迭代次数：22
2016-04-15 21:46:23,249 [3] INFO   
 - 读取文件：新建文本文档1.txt
2016-04-15 21:46:23,255 [3] INFO   
 - 求解方程为：
X0+X1+X2+X3+X4=15
X0+2X1+X2+X3+X4=16
X0+X1+2X2+X3+X4=17
X0+X1+X2+2X3+X4=18
X0+X1+X2+X3+2X4=19

2016-04-15 21:46:23,264 [3] INFO   
 - 方程组的解：
X0=4.9985
X1=0.9999
X2=2.0002
X3=3.0004
X4=4.0005

2016-04-15 21:46:23,269 [3] INFO   
 - 迭代次数：41
2016-04-15 21:46:23,275 [3] INFO   
 - 读取文件：新建文本文档2.txt
2016-04-15 21:46:23,281 [3] INFO   
 - 求解方程为：
10X0-2X1-1X2=3
-2X0+10X1-1X2=15
-1X0-2X1+5X2=10

2016-04-15 21:46:23,287 [3] INFO   
 - 方程组的解：
X0=1
X1=2
X2=3

2016-04-15 21:46:23,293 [3] INFO   
 - 迭代次数：16
2016-04-15 21:46:23,299 [3] ERROR  
 - System.Exception: 文件错误：D:\library\Documents\Visual Studio 2010\Projects\迭代法求解线性方程组\Calculate\bin\Release\input\新建文本文档3.txt文件为空！
   在 迭代法求解线性方程组.MainForm.readData(String filePath) 位置 d:\library\documents\visual studio 2010\Projects\迭代法求解线性方程组\Calculate\Form1.cs:行号 202
   在 迭代法求解线性方程组.MainForm.Run() 位置 d:\library\documents\visual studio 2010\Projects\迭代法求解线性方程组\Calculate\Form1.cs:行号 161
2016-04-15 21:46:23,304 [3] ERROR  
 - System.Exception: 文件错误：D:\library\Documents\Visual Studio 2010\Projects\迭代法求解线性方程组\Calculate\bin\Release\input\新建文本文档4.txt文件为空！
   在 迭代法求解线性方程组.MainForm.readData(String filePath) 位置 d:\library\documents\visual studio 2010\Projects\迭代法求解线性方程组\Calculate\Form1.cs:行号 202
   在 迭代法求解线性方程组.MainForm.Run() 位置 d:\library\documents\visual studio 2010\Projects\迭代法求解线性方程组\Calculate\Form1.cs:行号 161
2016-04-15 21:46:23,309 [3] ERROR  
 - System.Exception: 文件错误：D:\library\Documents\Visual Studio 2010\Projects\迭代法求解线性方程组\Calculate\bin\Release\input\新建文本文档5.txt文件为空！
   在 迭代法求解线性方程组.MainForm.readData(String filePath) 位置 d:\library\documents\visual studio 2010\Projects\迭代法求解线性方程组\Calculate\Form1.cs:行号 202
   在 迭代法求解线性方程组.MainForm.Run() 位置 d:\library\documents\visual studio 2010\Projects\迭代法求解线性方程组\Calculate\Form1.cs:行号 161
2016-04-15 21:46:23,315 [3] ERROR  
 - System.Exception: 文件错误：D:\library\Documents\Visual Studio 2010\Projects\迭代法求解线性方程组\Calculate\bin\Release\input\新建文本文档6.txt文件为空！
   在 迭代法求解线性方程组.MainForm.readData(String filePath) 位置 d:\library\documents\visual studio 2010\Projects\迭代法求解线性方程组\Calculate\Form1.cs:行号 202
   在 迭代法求解线性方程组.MainForm.Run() 位置 d:\library\documents\visual studio 2010\Projects\迭代法求解线性方程组\Calculate\Form1.cs:行号 161
2016-04-15 21:46:23,321 [3] INFO   
 - 读取文件：新建文本文档7.txt
2016-04-15 21:46:23,326 [3] INFO   
 - 求解方程为：
10X0-2X1-1X2=3
-2X0+10X1-1X2=15
-1X0-2X1+5X2=10

2016-04-15 21:46:23,333 [3] INFO   
 - 方程组的解：
X0=1
X1=2
X2=3

2016-04-15 21:46:23,339 [3] INFO   
 - 迭代次数：16
2016-04-15 21:46:37,787 [5] INFO   
 - 读取文件：新建文本文档1.txt
2016-04-15 21:46:37,794 [5] INFO   
 - 求解方程为：
X0+X1+X2+X3+X4=15
X0+2X1+X2+X3+X4=16
X0+X1+2X2+X3+X4=17
X0+X1+X2+2X3+X4=18
X0+X1+X2+X3+2X4=19

2016-04-15 21:46:37,802 [5] INFO   
 - 方程组的解：
X0=5.0013
X1=0.9999
X2=1.9998
X3=2.9997
X4=3.9996

2016-04-15 21:46:37,808 [5] INFO   
 - 迭代次数：37
2016-04-15 21:46:37,813 [5] INFO   
 - 读取文件：新建文本文档2.txt
2016-04-15 21:46:37,819 [5] INFO   
 - 求解方程为：
10X0-2X1-1X2=3
-2X0+10X1-1X2=15
-1X0-2X1+5X2=10

2016-04-15 21:46:37,828 [5] INFO   
 - 方程组的解：
X0=0.9999
X1=2
X2=2.9999

2016-04-15 21:46:37,834 [5] INFO   
 - 迭代次数：11
2016-04-15 21:46:37,840 [5] ERROR  
 - System.Exception: 文件错误：D:\library\Documents\Visual Studio 2010\Projects\迭代法求解线性方程组\Calculate\bin\Release\input\新建文本文档3.txt文件为空！
   在 迭代法求解线性方程组.MainForm.readData(String filePath) 位置 d:\library\documents\visual studio 2010\Projects\迭代法求解线性方程组\Calculate\Form1.cs:行号 202
   在 迭代法求解线性方程组.MainForm.Run() 位置 d:\library\documents\visual studio 2010\Projects\迭代法求解线性方程组\Calculate\Form1.cs:行号 161
2016-04-15 21:46:37,845 [5] ERROR  
 - System.Exception: 文件错误：D:\library\Documents\Visual Studio 2010\Projects\迭代法求解线性方程组\Calculate\bin\Release\input\新建文本文档4.txt文件为空！
   在 迭代法求解线性方程组.MainForm.readData(String filePath) 位置 d:\library\documents\visual studio 2010\Projects\迭代法求解线性方程组\Calculate\Form1.cs:行号 202
   在 迭代法求解线性方程组.MainForm.Run() 位置 d:\library\documents\visual studio 2010\Projects\迭代法求解线性方程组\Calculate\Form1.cs:行号 161
2016-04-15 21:46:37,850 [5] ERROR  
 - System.Exception: 文件错误：D:\library\Documents\Visual Studio 2010\Projects\迭代法求解线性方程组\Calculate\bin\Release\input\新建文本文档5.txt文件为空！
   在 迭代法求解线性方程组.MainForm.readData(String filePath) 位置 d:\library\documents\visual studio 2010\Projects\迭代法求解线性方程组\Calculate\Form1.cs:行号 202
   在 迭代法求解线性方程组.MainForm.Run() 位置 d:\library\documents\visual studio 2010\Projects\迭代法求解线性方程组\Calculate\Form1.cs:行号 161
2016-04-15 21:46:37,856 [5] ERROR  
 - System.Exception: 文件错误：D:\library\Documents\Visual Studio 2010\Projects\迭代法求解线性方程组\Calculate\bin\Release\input\新建文本文档6.txt文件为空！
   在 迭代法求解线性方程组.MainForm.readData(String filePath) 位置 d:\library\documents\visual studio 2010\Projects\迭代法求解线性方程组\Calculate\Form1.cs:行号 202
   在 迭代法求解线性方程组.MainForm.Run() 位置 d:\library\documents\visual studio 2010\Projects\迭代法求解线性方程组\Calculate\Form1.cs:行号 161
2016-04-15 21:46:37,861 [5] INFO   
 - 读取文件：新建文本文档7.txt
2016-04-15 21:46:37,867 [5] INFO   
 - 求解方程为：
10X0-2X1-1X2=3
-2X0+10X1-1X2=15
-1X0-2X1+5X2=10

2016-04-15 21:46:37,873 [5] INFO   
 - 方程组的解：
X0=0.9999
X1=2
X2=2.9999

2016-04-15 21:46:37,879 [5] INFO   
 - 迭代次数：11
2016-04-15 21:46:42,618 [6] INFO   
 - 读取文件：新建文本文档1.txt
2016-04-15 21:46:42,624 [6] INFO   
 - 求解方程为：
X0+X1+X2+X3+X4=15
X0+2X1+X2+X3+X4=16
X0+X1+2X2+X3+X4=17
X0+X1+X2+2X3+X4=18
X0+X1+X2+X3+2X4=19

2016-04-15 21:46:42,630 [6] ERROR  
 - System.Exception: 错误：方程解出现NaN或者无穷大,请验证方程组的收敛性！
   在 迭代法求解线性方程组.MainForm.CalcSolution(CalcMethods method, List`1 d, Double[] solution) 位置 d:\library\documents\visual studio 2010\Projects\迭代法求解线性方程组\Calculate\Form1.cs:行号 113
   在 迭代法求解线性方程组.MainForm.Run() 位置 d:\library\documents\visual studio 2010\Projects\迭代法求解线性方程组\Calculate\Form1.cs:行号 173
2016-04-15 21:46:42,637 [6] INFO   
 - 读取文件：新建文本文档2.txt
2016-04-15 21:46:42,643 [6] INFO   
 - 求解方程为：
10X0-2X1-1X2=3
-2X0+10X1-1X2=15
-1X0-2X1+5X2=10

2016-04-15 21:46:42,649 [6] ERROR  
 - System.Exception: 错误：方程解出现NaN或者无穷大,请验证方程组的收敛性！
   在 迭代法求解线性方程组.MainForm.CalcSolution(CalcMethods method, List`1 d, Double[] solution) 位置 d:\library\documents\visual studio 2010\Projects\迭代法求解线性方程组\Calculate\Form1.cs:行号 113
   在 迭代法求解线性方程组.MainForm.Run() 位置 d:\library\documents\visual studio 2010\Projects\迭代法求解线性方程组\Calculate\Form1.cs:行号 173
2016-04-15 21:46:42,655 [6] ERROR  
 - System.Exception: 文件错误：D:\library\Documents\Visual Studio 2010\Projects\迭代法求解线性方程组\Calculate\bin\Release\input\新建文本文档3.txt文件为空！
   在 迭代法求解线性方程组.MainForm.readData(String filePath) 位置 d:\library\documents\visual studio 2010\Projects\迭代法求解线性方程组\Calculate\Form1.cs:行号 202
   在 迭代法求解线性方程组.MainForm.Run() 位置 d:\library\documents\visual studio 2010\Projects\迭代法求解线性方程组\Calculate\Form1.cs:行号 161
2016-04-15 21:46:42,660 [6] ERROR  
 - System.Exception: 文件错误：D:\library\Documents\Visual Studio 2010\Projects\迭代法求解线性方程组\Calculate\bin\Release\input\新建文本文档4.txt文件为空！
   在 迭代法求解线性方程组.MainForm.readData(String filePath) 位置 d:\library\documents\visual studio 2010\Projects\迭代法求解线性方程组\Calculate\Form1.cs:行号 202
   在 迭代法求解线性方程组.MainForm.Run() 位置 d:\library\documents\visual studio 2010\Projects\迭代法求解线性方程组\Calculate\Form1.cs:行号 161
2016-04-15 21:46:42,667 [6] ERROR  
 - System.Exception: 文件错误：D:\library\Documents\Visual Studio 2010\Projects\迭代法求解线性方程组\Calculate\bin\Release\input\新建文本文档5.txt文件为空！
   在 迭代法求解线性方程组.MainForm.readData(String filePath) 位置 d:\library\documents\visual studio 2010\Projects\迭代法求解线性方程组\Calculate\Form1.cs:行号 202
   在 迭代法求解线性方程组.MainForm.Run() 位置 d:\library\documents\visual studio 2010\Projects\迭代法求解线性方程组\Calculate\Form1.cs:行号 161
2016-04-15 21:46:42,673 [6] ERROR  
 - System.Exception: 文件错误：D:\library\Documents\Visual Studio 2010\Projects\迭代法求解线性方程组\Calculate\bin\Release\input\新建文本文档6.txt文件为空！
   在 迭代法求解线性方程组.MainForm.readData(String filePath) 位置 d:\library\documents\visual studio 2010\Projects\迭代法求解线性方程组\Calculate\Form1.cs:行号 202
   在 迭代法求解线性方程组.MainForm.Run() 位置 d:\library\documents\visual studio 2010\Projects\迭代法求解线性方程组\Calculate\Form1.cs:行号 161
2016-04-15 21:46:42,678 [6] INFO   
 - 读取文件：新建文本文档7.txt
2016-04-15 21:46:42,684 [6] INFO   
 - 求解方程为：
10X0-2X1-1X2=3
-2X0+10X1-1X2=15
-1X0-2X1+5X2=10

2016-04-15 21:46:42,690 [6] ERROR  
 - System.Exception: 错误：方程解出现NaN或者无穷大,请验证方程组的收敛性！
   在 迭代法求解线性方程组.MainForm.CalcSolution(CalcMethods method, List`1 d, Double[] solution) 位置 d:\library\documents\visual studio 2010\Projects\迭代法求解线性方程组\Calculate\Form1.cs:行号 113
   在 迭代法求解线性方程组.MainForm.Run() 位置 d:\library\documents\visual studio 2010\Projects\迭代法求解线性方程组\Calculate\Form1.cs:行号 173
2016-04-15 21:46:54,722 [7] INFO   
 - 读取文件：新建文本文档1.txt
2016-04-15 21:46:54,728 [7] INFO   
 - 求解方程为：
X0+X1+X2+X3+X4=15
X0+2X1+X2+X3+X4=16
X0+X1+2X2+X3+X4=17
X0+X1+X2+2X3+X4=18
X0+X1+X2+X3+2X4=19

2016-04-15 21:46:54,755 [7] INFO   
 - 方程组的解：
X0=5.0002
X1=1
X2=2
X3=3
X4=3.9999

2016-04-15 21:46:54,764 [7] INFO   
 - 迭代次数：22
2016-04-15 21:46:54,770 [7] INFO   
 - 读取文件：新建文本文档2.txt
2016-04-15 21:46:54,776 [7] INFO   
 - 求解方程为：
10X0-2X1-1X2=3
-2X0+10X1-1X2=15
-1X0-2X1+5X2=10

2016-04-15 21:46:54,784 [7] INFO   
 - 方程组的解：
X0=1
X1=2
X2=3

2016-04-15 21:46:54,790 [7] INFO   
 - 迭代次数：7
2016-04-15 21:46:54,796 [7] ERROR  
 - System.Exception: 文件错误：D:\library\Documents\Visual Studio 2010\Projects\迭代法求解线性方程组\Calculate\bin\Release\input\新建文本文档3.txt文件为空！
   在 迭代法求解线性方程组.MainForm.readData(String filePath) 位置 d:\library\documents\visual studio 2010\Projects\迭代法求解线性方程组\Calculate\Form1.cs:行号 202
   在 迭代法求解线性方程组.MainForm.Run() 位置 d:\library\documents\visual studio 2010\Projects\迭代法求解线性方程组\Calculate\Form1.cs:行号 161
2016-04-15 21:46:54,803 [7] ERROR  
 - System.Exception: 文件错误：D:\library\Documents\Visual Studio 2010\Projects\迭代法求解线性方程组\Calculate\bin\Release\input\新建文本文档4.txt文件为空！
   在 迭代法求解线性方程组.MainForm.readData(String filePath) 位置 d:\library\documents\visual studio 2010\Projects\迭代法求解线性方程组\Calculate\Form1.cs:行号 202
   在 迭代法求解线性方程组.MainForm.Run() 位置 d:\library\documents\visual studio 2010\Projects\迭代法求解线性方程组\Calculate\Form1.cs:行号 161
2016-04-15 21:46:54,809 [7] ERROR  
 - System.Exception: 文件错误：D:\library\Documents\Visual Studio 2010\Projects\迭代法求解线性方程组\Calculate\bin\Release\input\新建文本文档5.txt文件为空！
   在 迭代法求解线性方程组.MainForm.readData(String filePath) 位置 d:\library\documents\visual studio 2010\Projects\迭代法求解线性方程组\Calculate\Form1.cs:行号 202
   在 迭代法求解线性方程组.MainForm.Run() 位置 d:\library\documents\visual studio 2010\Projects\迭代法求解线性方程组\Calculate\Form1.cs:行号 161
2016-04-15 21:46:54,815 [7] ERROR  
 - System.Exception: 文件错误：D:\library\Documents\Visual Studio 2010\Projects\迭代法求解线性方程组\Calculate\bin\Release\input\新建文本文档6.txt文件为空！
   在 迭代法求解线性方程组.MainForm.readData(String filePath) 位置 d:\library\documents\visual studio 2010\Projects\迭代法求解线性方程组\Calculate\Form1.cs:行号 202
   在 迭代法求解线性方程组.MainForm.Run() 位置 d:\library\documents\visual studio 2010\Projects\迭代法求解线性方程组\Calculate\Form1.cs:行号 161
2016-04-15 21:46:54,821 [7] INFO   
 - 读取文件：新建文本文档7.txt
2016-04-15 21:46:54,828 [7] INFO   
 - 求解方程为：
10X0-2X1-1X2=3
-2X0+10X1-1X2=15
-1X0-2X1+5X2=10

2016-04-15 21:46:54,835 [7] INFO   
 - 方程组的解：
X0=1
X1=2
X2=3

2016-04-15 21:46:54,841 [7] INFO   
 - 迭代次数：7
2016-04-15 21:47:00,649 [8] INFO   
 - 读取文件：新建文本文档1.txt
2016-04-15 21:47:00,656 [8] INFO   
 - 求解方程为：
X0+X1+X2+X3+X4=15
X0+2X1+X2+X3+X4=16
X0+X1+2X2+X3+X4=17
X0+X1+X2+2X3+X4=18
X0+X1+X2+X3+2X4=19

2016-04-15 21:47:00,663 [8] INFO   
 - 方程组的解：
X0=5.0037
X1=0.9994
X2=1.9993
X3=2.9992
X4=3.9991

2016-04-15 21:47:00,669 [8] INFO   
 - 迭代次数：63
2016-04-15 21:47:00,675 [8] INFO   
 - 读取文件：新建文本文档2.txt
2016-04-15 21:47:00,682 [8] INFO   
 - 求解方程为：
10X0-2X1-1X2=3
-2X0+10X1-1X2=15
-1X0-2X1+5X2=10

2016-04-15 21:47:00,690 [8] INFO   
 - 方程组的解：
X0=0.9999
X1=1.9999
X2=2.9998

2016-04-15 21:47:00,697 [8] INFO   
 - 迭代次数：22
2016-04-15 21:47:00,704 [8] ERROR  
 - System.Exception: 文件错误：D:\library\Documents\Visual Studio 2010\Projects\迭代法求解线性方程组\Calculate\bin\Release\input\新建文本文档3.txt文件为空！
   在 迭代法求解线性方程组.MainForm.readData(String filePath) 位置 d:\library\documents\visual studio 2010\Projects\迭代法求解线性方程组\Calculate\Form1.cs:行号 202
   在 迭代法求解线性方程组.MainForm.Run() 位置 d:\library\documents\visual studio 2010\Projects\迭代法求解线性方程组\Calculate\Form1.cs:行号 161
2016-04-15 21:47:00,711 [8] ERROR  
 - System.Exception: 文件错误：D:\library\Documents\Visual Studio 2010\Projects\迭代法求解线性方程组\Calculate\bin\Release\input\新建文本文档4.txt文件为空！
   在 迭代法求解线性方程组.MainForm.readData(String filePath) 位置 d:\library\documents\visual studio 2010\Projects\迭代法求解线性方程组\Calculate\Form1.cs:行号 202
   在 迭代法求解线性方程组.MainForm.Run() 位置 d:\library\documents\visual studio 2010\Projects\迭代法求解线性方程组\Calculate\Form1.cs:行号 161
2016-04-15 21:47:00,717 [8] ERROR  
 - System.Exception: 文件错误：D:\library\Documents\Visual Studio 2010\Projects\迭代法求解线性方程组\Calculate\bin\Release\input\新建文本文档5.txt文件为空！
   在 迭代法求解线性方程组.MainForm.readData(String filePath) 位置 d:\library\documents\visual studio 2010\Projects\迭代法求解线性方程组\Calculate\Form1.cs:行号 202
   在 迭代法求解线性方程组.MainForm.Run() 位置 d:\library\documents\visual studio 2010\Projects\迭代法求解线性方程组\Calculate\Form1.cs:行号 161
2016-04-15 21:47:00,723 [8] ERROR  
 - System.Exception: 文件错误：D:\library\Documents\Visual Studio 2010\Projects\迭代法求解线性方程组\Calculate\bin\Release\input\新建文本文档6.txt文件为空！
   在 迭代法求解线性方程组.MainForm.readData(String filePath) 位置 d:\library\documents\visual studio 2010\Projects\迭代法求解线性方程组\Calculate\Form1.cs:行号 202
   在 迭代法求解线性方程组.MainForm.Run() 位置 d:\library\documents\visual studio 2010\Projects\迭代法求解线性方程组\Calculate\Form1.cs:行号 161
2016-04-15 21:47:00,731 [8] INFO   
 - 读取文件：新建文本文档7.txt
2016-04-15 21:47:00,737 [8] INFO   
 - 求解方程为：
10X0-2X1-1X2=3
-2X0+10X1-1X2=15
-1X0-2X1+5X2=10

2016-04-15 21:47:00,745 [8] INFO   
 - 方程组的解：
X0=0.9999
X1=1.9999
X2=2.9998

2016-04-15 21:47:00,751 [8] INFO   
 - 迭代次数：22
2016-04-15 21:55:07,293 [3] INFO   
 - 读取文件：新建文本文档1.txt
2016-04-15 21:55:07,307 [3] INFO   
 - 求解方程为：
X0+X1+X2+X3+X4=15
X0+2X1+X2+X3+X4=16
X0+X1+2X2+X3+X4=17
X0+X1+X2+2X3+X4=18
X0+X1+X2+X3+2X4=19

2016-04-15 21:55:07,318 [3] INFO   
 - 方程组的解：
X0=5.0037
X1=0.9994
X2=1.9993
X3=2.9992
X4=3.9991

2016-04-15 21:55:07,327 [3] INFO   
 - 迭代次数：63
2016-04-15 21:55:07,332 [3] INFO   
 - 读取文件：新建文本文档2.txt
2016-04-15 21:55:07,338 [3] INFO   
 - 求解方程为：
10X0-2X1-1X2=3
-2X0+10X1-1X2=15
-1X0-2X1+5X2=10

2016-04-15 21:55:07,344 [3] INFO   
 - 方程组的解：
X0=0.9999
X1=1.9999
X2=2.9998

2016-04-15 21:55:07,349 [3] INFO   
 - 迭代次数：22
2016-04-15 21:55:07,356 [3] ERROR  
 - System.Exception: 文件错误：D:\library\Documents\Visual Studio 2010\Projects\迭代法求解线性方程组\Calculate\bin\Release\input\新建文本文档3.txt文件为空！
   在 迭代法求解线性方程组.MainForm.readData(String filePath) 位置 d:\library\documents\visual studio 2010\Projects\迭代法求解线性方程组\Calculate\Form1.cs:行号 202
   在 迭代法求解线性方程组.MainForm.Run() 位置 d:\library\documents\visual studio 2010\Projects\迭代法求解线性方程组\Calculate\Form1.cs:行号 161
2016-04-15 21:55:07,363 [3] ERROR  
 - System.Exception: 文件错误：D:\library\Documents\Visual Studio 2010\Projects\迭代法求解线性方程组\Calculate\bin\Release\input\新建文本文档4.txt文件为空！
   在 迭代法求解线性方程组.MainForm.readData(String filePath) 位置 d:\library\documents\visual studio 2010\Projects\迭代法求解线性方程组\Calculate\Form1.cs:行号 202
   在 迭代法求解线性方程组.MainForm.Run() 位置 d:\library\documents\visual studio 2010\Projects\迭代法求解线性方程组\Calculate\Form1.cs:行号 161
2016-04-15 21:55:07,369 [3] ERROR  
 - System.Exception: 文件错误：D:\library\Documents\Visual Studio 2010\Projects\迭代法求解线性方程组\Calculate\bin\Release\input\新建文本文档5.txt文件为空！
   在 迭代法求解线性方程组.MainForm.readData(String filePath) 位置 d:\library\documents\visual studio 2010\Projects\迭代法求解线性方程组\Calculate\Form1.cs:行号 202
   在 迭代法求解线性方程组.MainForm.Run() 位置 d:\library\documents\visual studio 2010\Projects\迭代法求解线性方程组\Calculate\Form1.cs:行号 161
2016-04-15 21:55:07,375 [3] ERROR  
 - System.Exception: 文件错误：D:\library\Documents\Visual Studio 2010\Projects\迭代法求解线性方程组\Calculate\bin\Release\input\新建文本文档6.txt文件为空！
   在 迭代法求解线性方程组.MainForm.readData(String filePath) 位置 d:\library\documents\visual studio 2010\Projects\迭代法求解线性方程组\Calculate\Form1.cs:行号 202
   在 迭代法求解线性方程组.MainForm.Run() 位置 d:\library\documents\visual studio 2010\Projects\迭代法求解线性方程组\Calculate\Form1.cs:行号 161
2016-04-15 21:55:07,381 [3] INFO   
 - 读取文件：新建文本文档7.txt
2016-04-15 21:55:07,388 [3] INFO   
 - 求解方程为：
10X0-2X1-1X2=3
-2X0+10X1-1X2=15
-1X0-2X1+5X2=10

2016-04-15 21:55:07,394 [3] INFO   
 - 方程组的解：
X0=0.9999
X1=1.9999
X2=2.9998

2016-04-15 21:55:07,400 [3] INFO   
 - 迭代次数：22
2016-04-15 21:55:36,864 [5] INFO   
 - 读取文件：新建文本文档1.txt
2016-04-15 21:55:36,870 [5] INFO   
 - 求解方程为：
X0+X1+X2+X3+X4=15
X0+2X1+X2+X3+X4=16
X0+X1+2X2+X3+X4=17
X0+X1+X2+2X3+X4=18
X0+X1+X2+X3+2X4=19

2016-04-15 21:55:36,876 [5] INFO   
 - 方程组的解：
X0=4.9985
X1=0.9999
X2=2.0002
X3=3.0004
X4=4.0005

2016-04-15 21:55:36,881 [5] INFO   
 - 迭代次数：41
2016-04-15 21:55:36,886 [5] INFO   
 - 读取文件：新建文本文档2.txt
2016-04-15 21:55:36,891 [5] INFO   
 - 求解方程为：
10X0-2X1-1X2=3
-2X0+10X1-1X2=15
-1X0-2X1+5X2=10

2016-04-15 21:55:36,897 [5] INFO   
 - 方程组的解：
X0=1
X1=2
X2=3

2016-04-15 21:55:36,902 [5] INFO   
 - 迭代次数：16
2016-04-15 21:55:36,908 [5] ERROR  
 - System.Exception: 文件错误：D:\library\Documents\Visual Studio 2010\Projects\迭代法求解线性方程组\Calculate\bin\Release\input\新建文本文档3.txt文件为空！
   在 迭代法求解线性方程组.MainForm.readData(String filePath) 位置 d:\library\documents\visual studio 2010\Projects\迭代法求解线性方程组\Calculate\Form1.cs:行号 202
   在 迭代法求解线性方程组.MainForm.Run() 位置 d:\library\documents\visual studio 2010\Projects\迭代法求解线性方程组\Calculate\Form1.cs:行号 161
2016-04-15 21:55:36,914 [5] ERROR  
 - System.Exception: 文件错误：D:\library\Documents\Visual Studio 2010\Projects\迭代法求解线性方程组\Calculate\bin\Release\input\新建文本文档4.txt文件为空！
   在 迭代法求解线性方程组.MainForm.readData(String filePath) 位置 d:\library\documents\visual studio 2010\Projects\迭代法求解线性方程组\Calculate\Form1.cs:行号 202
   在 迭代法求解线性方程组.MainForm.Run() 位置 d:\library\documents\visual studio 2010\Projects\迭代法求解线性方程组\Calculate\Form1.cs:行号 161
2016-04-15 21:55:36,920 [5] ERROR  
 - System.Exception: 文件错误：D:\library\Documents\Visual Studio 2010\Projects\迭代法求解线性方程组\Calculate\bin\Release\input\新建文本文档5.txt文件为空！
   在 迭代法求解线性方程组.MainForm.readData(String filePath) 位置 d:\library\documents\visual studio 2010\Projects\迭代法求解线性方程组\Calculate\Form1.cs:行号 202
   在 迭代法求解线性方程组.MainForm.Run() 位置 d:\library\documents\visual studio 2010\Projects\迭代法求解线性方程组\Calculate\Form1.cs:行号 161
2016-04-15 21:55:36,926 [5] ERROR  
 - System.Exception: 文件错误：D:\library\Documents\Visual Studio 2010\Projects\迭代法求解线性方程组\Calculate\bin\Release\input\新建文本文档6.txt文件为空！
   在 迭代法求解线性方程组.MainForm.readData(String filePath) 位置 d:\library\documents\visual studio 2010\Projects\迭代法求解线性方程组\Calculate\Form1.cs:行号 202
   在 迭代法求解线性方程组.MainForm.Run() 位置 d:\library\documents\visual studio 2010\Projects\迭代法求解线性方程组\Calculate\Form1.cs:行号 161
2016-04-15 21:55:36,931 [5] INFO   
 - 读取文件：新建文本文档7.txt
2016-04-15 21:55:36,936 [5] INFO   
 - 求解方程为：
10X0-2X1-1X2=3
-2X0+10X1-1X2=15
-1X0-2X1+5X2=10

2016-04-15 21:55:36,942 [5] INFO   
 - 方程组的解：
X0=1
X1=2
X2=3

2016-04-15 21:55:36,949 [5] INFO   
 - 迭代次数：16
